<?xml version="1.0" encoding="UTF-8"?>
<testsuite xmlns:xsi="http://www.w3.org/2001/XMLSchema-instance" xsi:noNamespaceSchemaLocation="https://maven.apache.org/surefire/maven-surefire-plugin/xsd/surefire-test-report-3.0.xsd" version="3.0" name="fr.utc.miage.shares.ActionTest" time="0.068" tests="8" errors="0" skipped="0" failures="0">
  <properties>
[...]
</properties>
  <testcase name="testEqualsWithSimilarObject" classname="fr.utc.miage.shares.ActionTest" time="0.034"/>
  <testcase name="testToStringReturnConstructorParameter" classname="fr.utc.miage.shares.ActionTest" time="0.003"/>
  <testcase name="testEqualsWithDifferentObject" classname="fr.utc.miage.shares.ActionTest" time="0.001"/>
  <testcase name="testEqualsWithObjectFromOtherClass" classname="fr.utc.miage.shares.ActionTest" time="0.001"/>
  <testcase name="testGetLibelleReturnConstructorParameter" classname="fr.utc.miage.shares.ActionTest" time="0.001"/>
  <testcase name="testEqualsWithNullObject" classname="fr.utc.miage.shares.ActionTest" time="0.001"/>
  <testcase name="testHashCode" classname="fr.utc.miage.shares.ActionTest" time="0.002"/>
  <testcase name="testEqualsWithSameObject" classname="fr.utc.miage.shares.ActionTest" time="0.0"/>
</testsuite>